<?xml version="1.0" encoding="UTF-8"?>
<testsuite xmlns:xsi="http://www.w3.org/2001/XMLSchema-instance" xsi:noNamespaceSchemaLocation="https://maven.apache.org/surefire/maven-surefire-plugin/xsd/surefire-test-report.xsd" name="com.xuecheng.test.fastdfs.TestFastDFS" time="30.004" tests="2" errors="0" skipped="0" failures="0">
  <properties>
[...]
</properties>
  <testcase name="testUpload" classname="com.xuecheng.test.fastdfs.TestFastDFS" time="11.112"/>
  <testcase name="testDownload" classname="com.xuecheng.test.fastdfs.TestFastDFS" time="15.015"/>
</testsuite>